make all --print-data-base --no-builtin-variables --no-builtin-rules --question
# GNU Make 3.81
# Copyright (C) 2006  Free Software Foundation, Inc.
# This is free software; see the source for copying conditions.
# There is NO warranty; not even for MERCHANTABILITY or FITNESS FOR A
# PARTICULAR PURPOSE.

# This program built for i386-apple-darwin11.3.0
 
make: *** No rule to make target `all'.  Stop.


# Make data base, printed on Thu May 19 22:09:39 2022

# Variables

# automatic
 
<D = $(patsubst %/,%,$(dir $<))
# automatic
?F = $(notdir $?)
# environment
ELECTRON_NO_ATTACH_CONSOLE = 1
# makefile (from `Makefile', line 67)
SDK_QUERY = third_party/proto/cosmos/base/query/v1beta1
# makefile (from `Makefile', line 60)
TM_CRYPTO_TYPES = third_party/proto/tendermint/crypto
# environment
LC_CTYPE = UTF-8
# environment
VSCODE_LOG_NATIVE = false
# automatic
?D = $(patsubst %/,%,$(dir $?))
# automatic
@D = $(patsubst %/,%,$(dir $@))
# automatic
@F = $(notdir $@)
# makefile
CURDIR := /Users/markobaricevic/code/CoTend/interchain-security
# makefile
SHELL = /bin/sh
# environment
VSCODE_NLS_CONFIG = {"locale":"en-gb","availableLanguages":{},"_languagePackSupport":true}
# environment
_ = /usr/bin/make
# makefile (from `Makefile', line 63)
TM_VERSION = third_party/proto/tendermint/version
# environment
STARSHIP_SESSION_KEY = 2790819900514424
# makefile (from `Makefile', line 61)
TM_ABCI_TYPES = third_party/proto/tendermint/abci
# environment
WARP_IS_LOCAL_SHELL_SESSION = 1
# environment
VSCODE_VERBOSE_LOGGING = true
# makefile (from `Makefile', line 30)
containerProtoFmt = cosmos-sdk-proto-fmt-$(containerProtoVer)
# environment
__CFBundleIdentifier = com.microsoft.VSCode
# environment
INFOPATH = /opt/homebrew/share/info:
# environment
WASMER_DIR = /Users/markobaricevic/.wasmer
# makefile (from `Makefile', line 71)
GOGO_PROTO_TYPES = third_party/proto/gogoproto
# environment
VSCODE_IPC_HOOK_EXTHOST = /var/folders/z4/d83jb36s32xgrcmxmq8576500000gn/T/vscode-ipc-8836ad6b-80a2-4184-bf15-bd566125b889.sock
# environment
VSCODE_CWD = /Users/markobaricevic/code/CoTend/interchain-security
# environment
GOPROXY = https://proxy.golang.org,direct
# environment
WARP_USE_SSH_WRAPPER = 1
# environment
PATH = /Users/markobaricevic/.wasmer/bin:/Users/markobaricevic/google-cloud-sdk/bin:/opt/homebrew/opt/icu4c/sbin:/opt/homebrew/opt/icu4c/bin:/opt/homebrew/opt/openssl@1.1/bin:/usr/local/opt/llvm/bin:/Users/markobaricevic/.yarn/bin:/Users/markobaricevic/.config/yarn/global/node_modules/.bin:/Users/markobaricevic/.local/share/solana/install/active_release/bin:/Users/markobaricevic/.radicle/bin:/Users/markobaricevic/.gem/ruby/2.6.0/bin:/Users/markobaricevic/code/rust/sol/solana/bin:/usr/local/opt/coreutils/libexec/gnubin:/Users/markobaricevic/Desktop/flutter/flutter/bin:/opt/homebrew/bin:/opt/homebrew/sbin:/Users/markobaricevic/.local/share/solana/install/active_release/bin:/usr/local/bin:/usr/bin:/bin:/usr/sbin:/sbin:/usr/local/go/bin:/Library/Apple/usr/bin:/Users/markobaricevic/.cargo/bin:/Users/markobaricevic/go/bin:/Users/markobaricevic/code/flutter/flutter/bin:/Users/markobaricevic/.wasmer/globals/wapm_packages/.bin
# makefile (from `Makefile', line 57)
CONFIO_URL = https://raw.githubusercontent.com/confio/ics23/v0.7.0
# environment
LSCOLORS = Gxfxcxdxbxegedabagacad
# makefile (from `Makefile', line 1)
MAKEFILE_LIST :=  Makefile
# makefile (from `Makefile', line 58)
SDK_PROTO_URL = https://raw.githubusercontent.com/cosmos/cosmos-sdk/v0.41.0/proto/cosmos
# makefile (from `Makefile', line 65)
TM_P2P = third_party/proto/tendermint/p2p
# environment
GOPATH = /Users/markobaricevic/go
# environment
LaunchInstanceID = A027F5D4-FC3D-47E0-A406-A7F067CC9372
# environment
VSCODE_LOG_STACK = false
# environment
ELECTRON_RUN_AS_NODE = 1
# default
.FEATURES := target-specific order-only second-expansion else-if archives jobserver check-symlink
# makefile (from `Makefile', line 55)
TM_URL = https://raw.githubusercontent.com/tendermint/tendermint/v0.34.5/proto/tendermint
# environment
SSH_AUTH_SOCK = /private/tmp/com.apple.launchd.hqZsid2DNz/Listeners
# automatic
%F = $(notdir $%)
# environment
VSCODE_PIPE_LOGGING = true
# environment
PWD = /Users/markobaricevic/code/CoTend/interchain-security
# environment
WARP_PS1 = $(/opt/homebrew/bin/starship prompt --terminal-width="$COLUMNS" --keymap="${KEYMAP:-}" --status="$STARSHIP_CMD_STATUS" --pipestatus="${STARSHIP_PIPE_STATUS[*]}" --cmd-duration="${STARSHIP_DURATION:-}" --jobs="$STARSHIP_JOBS_COUNT")
# environment
HOMEBREW_CELLAR = /opt/homebrew/Cellar
# environment
ORIGINAL_XDG_CURRENT_DESKTOP = undefined
# environment
MANPATH = /opt/homebrew/share/man::
# environment
GOMODCACHE = /Users/markobaricevic/go/pkg/mod
# environment
HOME = /Users/markobaricevic
# environment
LD_LIBRARY_PATH = /usr/local/lib
# default
MAKEFILEPATH := /Applications/Xcode.app/Contents/Developer/Makefiles
# environment
VSCODE_CLI = 1
# environment
VSCODE_CODE_CACHE_PATH = /Users/markobaricevic/Library/Application Support/Code/CachedData/da15b6fd3ef856477bf6f4fb29ba1b7af717770d
# environment
LOGNAME = markobaricevic
# environment
APPLICATION_INSIGHTS_NO_DIAGNOSTIC_CHANNEL = true
# environment
ZSH = /Users/markobaricevic/.oh-my-zsh
# environment
VSCODE_HANDLES_UNCAUGHT_ERRORS = true
# automatic
^D = $(patsubst %/,%,$(dir $^))
# environment
XPC_FLAGS = 0x0
# environment
COLORTERM = truecolor
# default
MAKE = $(MAKE_COMMAND)
# default
MAKECMDGOALS := all
# makefile (from `Makefile', line 26)
containerProtoVer = v0.7
# environment
SHLVL = 9
# environment
WASMER_CACHE_DIR = /Users/markobaricevic/.wasmer/cache
# makefile (from `Makefile', line 27)
containerProtoImage = tendermintdev/sdk-proto-gen:$(containerProtoVer)
# default
MAKE_VERSION := 3.81
# environment
USER = markobaricevic
# makefile
.DEFAULT_GOAL := install
# makefile (from `Makefile', line 28)
containerProtoGen = cosmos-sdk-proto-gen-$(containerProtoVer)
# environment
LESS = -R
# automatic
%D = $(patsubst %/,%,$(dir $%))
# default
MAKE_COMMAND := /Applications/Xcode.app/Contents/Developer/usr/bin/make
# environment
TERM_PROGRAM = WarpTerminal
# default
.VARIABLES := 
# environment
TMPDIR = /var/folders/z4/d83jb36s32xgrcmxmq8576500000gn/T/
# makefile (from `Makefile', line 62)
TM_TYPES = third_party/proto/tendermint/types
# automatic
*F = $(notdir $*)
# environment
VSCODE_IPC_HOOK = /Users/markobaricevic/Library/Application Support/Code/1.67.1-main.sock
# makefile
MAKEFLAGS = Rrqp
# makefile (from `Makefile', line 29)
containerProtoGenSwagger = cosmos-sdk-proto-gen-swagger-$(containerProtoVer)
# environment
MFLAGS = -Rrqp
# automatic
*D = $(patsubst %/,%,$(dir $*))
# environment
TERM_PROGRAM_VERSION = v0.2022.05.09.09.06.stable_01
# environment
XPC_SERVICE_NAME = application.com.microsoft.VSCode.34879630.34879636.0695ABDE-398D-4842-9290-E8771999B46A
# environment
HOMEBREW_PREFIX = /opt/homebrew
# automatic
+D = $(patsubst %/,%,$(dir $+))
# makefile (from `Makefile', line 72)
CONFIO_TYPES = third_party/proto/confio
# automatic
+F = $(notdir $+)
# environment
HOMEBREW_REPOSITORY = /opt/homebrew
# environment
__CF_USER_TEXT_ENCODING = 0x1F5:0x0:0x0
# environment
COMMAND_MODE = unix2003
# default
MAKEFILES := 
# automatic
<F = $(notdir $<)
# environment
PAGER = less
# environment
LC_ALL = C
# environment
CONDA_CHANGEPS1 = false
# environment
VSCODE_AMD_ENTRYPOINT = vs/workbench/api/node/extensionHostProcess
# makefile (from `Makefile', line 64)
TM_LIBS = third_party/proto/tendermint/libs/bits
# environment
SECURITYSESSIONID = 186b1
# automatic
^F = $(notdir $^)
# makefile (from `Makefile', line 56)
GOGO_PROTO_URL = https://raw.githubusercontent.com/regen-network/protobuf/cosmos
# default
SUFFIXES := 
# default
.INCLUDE_DIRS = /usr/local/include
# makefile (from `Makefile', line 12)
BUILD_TARGETS := build
# environment
MAKELEVEL := 0
# environment
GPG_TTY = /dev/ttys002
# makefile (from `Makefile', line 68)
SDK_BASE = third_party/proto/cosmos/base/v1beta1
# environment
LANG = C
# environment
TERM = xterm-256color
# environment
VSCODE_PID = 19657
# environment
STARSHIP_SHELL = zsh
# makefile (from `Makefile', line 69)
SDK_UPGRADE = third_party/proto/cosmos/upgrade/v1beta1
# variable set hash-table stats:
 
# Load=114/1024=11%, Rehash=0, Collisions=9/142=6%

# Pattern-specific Variable Values

# No pattern-specific variable values.

# Directories

# . (device 16777231, inode 36196521): 24 files, no impossibilities.

# 24 files, no impossibilities in 1 directories.

# Implicit Rules

# No implicit rules.

# Files

proto-lint:
#  Phony target (prerequisite of .PHONY).
#  Implicit rule search has not been done.
#  File does not exist.
#  File has not been updated.
#  commands to execute (from `Makefile', line 50):
	@$(DOCKER_BUF) lint --error-format=json
	

/:
#  Implicit rule search has not been done.
#  Modification time never checked.
#  File has not been updated.
#  commands to execute (from `Makefile', line 20):
	mkdir -p $(BUILDDIR)/
	

# Not a target:
go.sum:
#  Implicit rule search has not been done.
#  Modification time never checked.
#  File has not been updated.

# Not a target:
all:
#  Command-line target.
#  Implicit rule search has been done.
#  File does not exist.
#  File has not been updated.
# variable set hash-table stats:
# Load=0/32=0%, Rehash=0, Collisions=0/0=0%

proto-gen:
#  Phony target (prerequisite of .PHONY).
#  Implicit rule search has not been done.
#  File does not exist.
#  File has not been updated.
#  commands to execute (from `Makefile', line 35):
	@echo "Generating Protobuf files"
	@if docker ps -a --format '{{.Names}}' | grep -Eq "^${containerProtoGen}$$"; then docker start -a $(containerProtoGen); else docker run --name $(containerProtoGen) -v $(CURDIR):/workspace --workdir /workspace $(containerProtoImage) \
	sh ./scripts/protocgen.sh; fi
	

.PHONY: proto-all proto-gen proto-gen-any proto-swagger-gen proto-format proto-lint proto-check-breaking proto-update-deps
#  Implicit rule search has not been done.
#  Modification time never checked.
#  File has not been updated.

proto-gen-any:
#  Phony target (prerequisite of .PHONY).
#  Implicit rule search has not been done.
#  File does not exist.
#  File has not been updated.

proto-format:
#  Phony target (prerequisite of .PHONY).
#  Implicit rule search has not been done.
#  File does not exist.
#  File has not been updated.
#  commands to execute (from `Makefile', line 40):
	@echo "Formatting Protobuf files"
	@if docker ps -a --format '{{.Names}}' | grep -Eq "^${containerProtoFmt}$$"; then docker start -a $(containerProtoFmt); else docker run --name $(containerProtoFmt) -v $(CURDIR):/workspace --workdir /workspace tendermintdev/docker-build-proto \
	find ./ -not -path "./third_party/*" -name "*.proto" -exec clang-format -i {} \; ; fi
	

# Not a target:
.SUFFIXES:
#  Implicit rule search has not been done.
#  Modification time never checked.
#  File has not been updated.

# Not a target:
Makefile:
#  Implicit rule search has been done.
#  Last modified 2022-05-19 22:05:21
#  File has been updated.
#  Successfully updated.
# variable set hash-table stats:
# Load=0/32=0%, Rehash=0, Collisions=0/0=0%

test:
#  Implicit rule search has not been done.
#  Modification time never checked.
#  File has not been updated.
#  commands to execute (from `Makefile', line 10):
	go test ./...
	

build: go.sum /
#  Implicit rule search has not been done.
#  Modification time never checked.
#  File has not been updated.
# makefile (from `Makefile', line 14)
# BUILD_ARGS = -o $(BUILDDIR)/
# variable set hash-table stats:
# Load=1/32=3%, Rehash=0, Collisions=0/1=0%
#  commands to execute (from `Makefile', line 17):
	go $@ -mod=readonly $(BUILD_FLAGS) $(BUILD_ARGS) ./...
	

proto-all: proto-format proto-lint proto-gen
#  Phony target (prerequisite of .PHONY).
#  Implicit rule search has not been done.
#  File does not exist.
#  File has not been updated.

# Not a target:
.DEFAULT:
#  Implicit rule search has not been done.
#  Modification time never checked.
#  File has not been updated.

proto-update-deps:
#  Phony target (prerequisite of .PHONY).
#  Implicit rule search has not been done.
#  File does not exist.
#  File has not been updated.
#  commands to execute (from `Makefile', line 75):
	@mkdir -p $(GOGO_PROTO_TYPES)
	@curl -sSL $(GOGO_PROTO_URL)/gogoproto/gogo.proto > $(GOGO_PROTO_TYPES)/gogo.proto
	@mkdir -p $(SDK_QUERY)
	@curl -sSL $(SDK_PROTO_URL)/base/query/v1beta1/pagination.proto > $(SDK_QUERY)/pagination.proto
	@mkdir -p $(SDK_BASE)
	@curl -sSL $(SDK_PROTO_URL)/base/v1beta1/coin.proto > $(SDK_BASE)/coin.proto
	@mkdir -p $(SDK_UPGRADE)
	@curl -sSL $(SDK_PROTO_URL)/upgrade/v1beta1/upgrade.proto > $(SDK_UPGRADE)/upgrade.proto
	@mkdir -p $(TM_TYPES)
	@curl -sSL $(TM_URL)/types/types.proto > $(TM_TYPES)/types.proto
	@curl -sSL $(TM_URL)/types/params.proto > $(TM_TYPES)/params.proto
	@curl -sSL $(TM_URL)/types/validator.proto > $(TM_TYPES)/validator.proto
	@mkdir -p $(TM_ABCI_TYPES)
	@curl -sSL $(TM_URL)/abci/types.proto > $(TM_ABCI_TYPES)/types.proto
	@mkdir -p $(TM_VERSION)
	@curl -sSL $(TM_URL)/version/types.proto > $(TM_VERSION)/types.proto
	@mkdir -p $(TM_LIBS)
	@curl -sSL $(TM_URL)/libs/bits/types.proto > $(TM_LIBS)/types.proto
	@mkdir -p $(TM_CRYPTO_TYPES)
	@curl -sSL $(TM_URL)/crypto/proof.proto > $(TM_CRYPTO_TYPES)/proof.proto
	@curl -sSL $(TM_URL)/crypto/keys.proto > $(TM_CRYPTO_TYPES)/keys.proto
	@mkdir -p $(CONFIO_TYPES)
	@curl -sSL $(CONFIO_URL)/proofs.proto > $(CONFIO_TYPES)/proofs.proto
	@perl -i -l -p -e 'print "option go_package = \"github.com/confio/ics23/go\";" if $$. == 4' $(CONFIO_TYPES)/proofs.proto
	

proto-swagger-gen:
#  Phony target (prerequisite of .PHONY).
#  Implicit rule search has not been done.
#  File does not exist.
#  File has not been updated.
#  commands to execute (from `Makefile', line 45):
	@echo "Generating Protobuf Swagger"
	@if docker ps -a --format '{{.Names}}' | grep -Eq "^${containerProtoGenSwagger}$$"; then docker start -a $(containerProtoGenSwagger); else docker run --name $(containerProtoGenSwagger) -v $(CURDIR):/workspace --workdir /workspace $(containerProtoImage) \
	sh ./scripts/protoc-swagger-gen.sh; fi
	

proto-check-breaking:
#  Phony target (prerequisite of .PHONY).
#  Implicit rule search has not been done.
#  File does not exist.
#  File has not been updated.
#  commands to execute (from `Makefile', line 53):
	@$(DOCKER_BUF) breaking --against $(HTTPS_GIT)#branch=main
	

install: go.sum
#  Implicit rule search has not been done.
#  Modification time never checked.
#  File has not been updated.
#  commands to execute (from `Makefile', line 4):
	export GOFLAGS='-buildmode=pie'
	export CGO_CPPFLAGS="-D_FORTIFY_SOURCE=2"
	export CGO_LDFLAGS="-Wl,-z,relro,-z,now -fstack-protector"
	go install $(BUILD_FLAGS) ./cmd/interchain-securityd
	

# files hash-table stats:
# Load=18/1024=2%, Rehash=0, Collisions=0/46=0%
# VPATH Search Paths

# No `vpath' search paths.

# No general (`VPATH' variable) search path.

# # of strings in strcache: 1
# # of strcache buffers: 1
# strcache size: total = 4096 / max = 4096 / min = 4096 / avg = 4096
# strcache free: total = 4087 / max = 4087 / min = 4087 / avg = 4087

# Finished Make data base on Thu May 19 22:09:39 2022

 
